<?xml version="1.0" encoding="UTF-8"?>
<!-- Generated by org.testng.reporters.JUnitReportReporter -->
<testsuite skipped="0" hostname="DoBiggsLT" name="com.qa.apples.TC010" tests="1" failures="0" timestamp="13 Jan 2020 21:27:39 GMT" time="0.015" errors="0">
  <testcase name="CopyOrderAndComplete" time="0.015" classname="com.qa.apples.TC010"/>
</testsuite> <!-- com.qa.apples.TC010 -->
